#
# A fatal error has been detected by the Java Runtime Environment:
#
#  EXCEPTION_ACCESS_VIOLATION (0xc0000005) at pc=0x00007ff98fe86890, pid=5448, tid=5356
#
# JRE version: Java(TM) SE Runtime Environment (7.0_67-b01) (build 1.7.0_67-b01)
# Java VM: Java HotSpot(TM) 64-Bit Server VM (24.65-b04 mixed mode windows-amd64 compressed oops)
# Problematic frame:
# C  [ieframe.dll+0x146890]
#
# Failed to write core dump. Minidumps are not enabled by default on client versions of Windows
#
# If you would like to submit a bug report, please visit:
#   http://bugreport.sun.com/bugreport/crash.jsp
# The crash happened outside the Java Virtual Machine in native code.
# See problematic frame for where to report the bug.
#

---------------  T H R E A D  ---------------

Current thread (0x0000000002130800):  JavaThread "main" [_thread_in_native, id=5356, stack(0x0000000002030000,0x0000000002130000)]

siginfo: ExceptionCode=0xc0000005, reading address 0x0000000000000000

Registers:
RAX=0x0000000000000000, RBX=0x000000008000ffff, RCX=0x0000000000000003, RDX=0x0000000000000008
RSP=0x000000000212c3b0, RBP=0x0000000000a58c80, RSI=0x0000000000000000, RDI=0x000000000a51f258
R8 =0x00007ff98fecc518, R9 =0x0000000000000000, R10=0x0000000000000000, R11=0x000000000212c4a8
R12=0x0000000000000000, R13=0x00000000000905d6, R14=0x000000000212c418, R15=0x0000000000000001
RIP=0x00007ff98fe86890, EFLAGS=0x0000000000010246

Top of Stack: (sp=0x000000000212c3b0)
0x000000000212c3b0:   0000000000000000 00007ff7f754c000
0x000000000212c3c0:   000000000212c518 0000000000000000
0x000000000212c3d0:   00007ff97f664b20 00007ff98fe868e9
0x000000000212c3e0:   0000000000000000 000000000a509250
0x000000000212c3f0:   000000000a53e3b0 000000000a51f258
0x000000000212c400:   000000000a51f248 00007ff9826b99a2
0x000000000212c410:   0000000000000113 0000000000000000
0x000000000212c420:   0000000000000000 000000000212c518
0x000000000212c430:   000000000a51f248 00007ff9824e8af7
0x000000000212c440:   000000000a51f248 00007ff9000003e8
0x000000000212c450:   0000000000000001 0000000000000000
0x000000000212c460:   000000000a51f248 00007ff9826b9928
0x000000000212c470:   000000000a51f248 00000000000003e8
0x000000000212c480:   000000000212c501 0000000000000000
0x000000000212c490:   fffffffffffffffe 000000000a51f258
0x000000000212c4a0:   0000000000000113 00007ff97f664b5b 

Instructions: (pc=0x00007ff98fe86890)
0x00007ff98fe86870:   20 4c 8b f1 e8 17 84 ec ff 33 db 48 8b f0 48 85
0x00007ff98fe86880:   c0 0f 84 4a 18 1a 00 48 39 18 0f 84 0e 35 fd ff
0x00007ff98fe86890:   48 8b 0e 48 8b 7c 24 48 48 8b 74 24 40 8b c3 48
0x00007ff98fe868a0:   8b 5c 24 38 49 89 0e 48 83 c4 20 41 5e c3 90 90 


Register to memory mapping:

RAX=0x0000000000000000 is an unknown value
RBX=0x000000008000ffff is an unknown value
RCX=0x0000000000000003 is an unknown value
RDX=0x0000000000000008 is an unknown value
RSP=0x000000000212c3b0 is pointing into the stack for thread: 0x0000000002130800
RBP=0x0000000000a58c80 is an unknown value
RSI=0x0000000000000000 is an unknown value
RDI=0x000000000a51f258 is an unknown value
R8 =0x00007ff98fecc518 is an unknown value
R9 =0x0000000000000000 is an unknown value
R10=0x0000000000000000 is an unknown value
R11=0x000000000212c4a8 is pointing into the stack for thread: 0x0000000002130800
R12=0x0000000000000000 is an unknown value
R13=0x00000000000905d6 is an unknown value
R14=0x000000000212c418 is pointing into the stack for thread: 0x0000000002130800
R15=0x0000000000000001 is an unknown value


Stack: [0x0000000002030000,0x0000000002130000],  sp=0x000000000212c3b0,  free space=1008k
Native frames: (J=compiled Java code, j=interpreted, Vv=VM code, C=native code)
C  [ieframe.dll+0x146890]

Java frames: (J=compiled Java code, j=interpreted, Vv=VM code)
j  org.eclipse.swt.internal.win32.OS.GetOpenFileNameW(Lorg/eclipse/swt/internal/win32/OPENFILENAME;)Z+0
j  org.eclipse.swt.internal.win32.OS.GetOpenFileName(Lorg/eclipse/swt/internal/win32/OPENFILENAME;)Z+7
j  org.eclipse.swt.widgets.FileDialog.open()Ljava/lang/String;+896
j  br.gov.serpro.sped.nfe.visualizador.app.handlers.Abrir.execute(Lorg/eclipse/core/commands/ExecutionEvent;)Ljava/lang/Object;+221
j  org.eclipse.ui.internal.handlers.HandlerProxy.execute(Lorg/eclipse/core/commands/ExecutionEvent;)Ljava/lang/Object;+33
j  org.eclipse.core.commands.Command.executeWithChecks(Lorg/eclipse/core/commands/ExecutionEvent;)Ljava/lang/Object;+115
j  org.eclipse.core.commands.ParameterizedCommand.executeWithChecks(Ljava/lang/Object;Ljava/lang/Object;)Ljava/lang/Object;+21
j  org.eclipse.ui.internal.handlers.HandlerService.executeCommand(Lorg/eclipse/core/commands/ParameterizedCommand;Lorg/eclipse/swt/widgets/Event;)Ljava/lang/Object;+6
j  org.eclipse.ui.internal.handlers.SlaveHandlerService.executeCommand(Lorg/eclipse/core/commands/ParameterizedCommand;Lorg/eclipse/swt/widgets/Event;)Ljava/lang/Object;+6
j  org.eclipse.ui.menus.CommandContributionItem.handleWidgetSelection(Lorg/eclipse/swt/widgets/Event;)V+79
j  org.eclipse.ui.menus.CommandContributionItem.access$19(Lorg/eclipse/ui/menus/CommandContributionItem;Lorg/eclipse/swt/widgets/Event;)V+2
j  org.eclipse.ui.menus.CommandContributionItem$5.handleEvent(Lorg/eclipse/swt/widgets/Event;)V+51
J 445 C2 org.eclipse.swt.widgets.EventTable.sendEvent(Lorg/eclipse/swt/widgets/Event;)V (532 bytes) @ 0x00000000023daf70 [0x00000000023dae00+0x170]
j  org.eclipse.swt.widgets.Widget.sendEvent(Lorg/eclipse/swt/widgets/Event;)V+25
j  org.eclipse.swt.widgets.Display.runDeferredEvents()Z+92
j  org.eclipse.swt.widgets.Display.readAndDispatch()Z+69
j  org.eclipse.ui.internal.Workbench.runEventLoop(Lorg/eclipse/jface/window/Window$IExceptionHandler;Lorg/eclipse/swt/widgets/Display;)V+9
j  org.eclipse.ui.internal.Workbench.runUI()I+555
j  org.eclipse.ui.internal.Workbench.access$4(Lorg/eclipse/ui/internal/Workbench;)I+1
j  org.eclipse.ui.internal.Workbench$7.run()V+55
j  org.eclipse.core.databinding.observable.Realm.runWithDefault(Lorg/eclipse/core/databinding/observable/Realm;Ljava/lang/Runnable;)V+12
j  org.eclipse.ui.internal.Workbench.createAndRunWorkbench(Lorg/eclipse/swt/widgets/Display;Lorg/eclipse/ui/application/WorkbenchAdvisor;)I+18
j  org.eclipse.ui.PlatformUI.createAndRunWorkbench(Lorg/eclipse/swt/widgets/Display;Lorg/eclipse/ui/application/WorkbenchAdvisor;)I+2
j  br.gov.serpro.sped.nfe.visualizador.app.Application.start(Lorg/eclipse/equinox/app/IApplicationContext;)Ljava/lang/Object;+12
j  org.eclipse.equinox.internal.app.EclipseAppHandle.run(Ljava/lang/Object;)Ljava/lang/Object;+135
j  org.eclipse.core.runtime.internal.adaptor.EclipseAppLauncher.runApplication(Ljava/lang/Object;)Ljava/lang/Object;+103
j  org.eclipse.core.runtime.internal.adaptor.EclipseAppLauncher.start(Ljava/lang/Object;)Ljava/lang/Object;+29
j  org.eclipse.core.runtime.adaptor.EclipseStarter.run(Ljava/lang/Object;)Ljava/lang/Object;+149
j  org.eclipse.core.runtime.adaptor.EclipseStarter.run([Ljava/lang/String;Ljava/lang/Runnable;)Ljava/lang/Object;+183
v  ~StubRoutines::call_stub
j  sun.reflect.NativeMethodAccessorImpl.invoke0(Ljava/lang/reflect/Method;Ljava/lang/Object;[Ljava/lang/Object;)Ljava/lang/Object;+0
j  sun.reflect.NativeMethodAccessorImpl.invoke(Ljava/lang/Object;[Ljava/lang/Object;)Ljava/lang/Object;+87
j  sun.reflect.DelegatingMethodAccessorImpl.invoke(Ljava/lang/Object;[Ljava/lang/Object;)Ljava/lang/Object;+6
j  java.lang.reflect.Method.invoke(Ljava/lang/Object;[Ljava/lang/Object;)Ljava/lang/Object;+57
j  org.eclipse.equinox.launcher.Main.invokeFramework([Ljava/lang/String;[Ljava/net/URL;)V+211
j  org.eclipse.equinox.launcher.Main.basicRun([Ljava/lang/String;)V+126
j  org.eclipse.equinox.launcher.Main.run([Ljava/lang/String;)I+4
j  org.eclipse.equinox.launcher.Main.main([Ljava/lang/String;)V+10
v  ~StubRoutines::call_stub

---------------  P R O C E S S  ---------------

Java Threads: ( => current thread )
  0x0000000009461800 JavaThread "Worker-1" [_thread_blocked, id=3492, stack(0x000000000a8c0000,0x000000000a9c0000)]
  0x00000000095d2800 JavaThread "Worker-0" [_thread_blocked, id=5180, stack(0x000000000a7c0000,0x000000000a8c0000)]
  0x0000000009296800 JavaThread "Worker-JM" [_thread_blocked, id=5620, stack(0x000000000a200000,0x000000000a300000)]
  0x00000000092d8000 JavaThread "Start Level Event Dispatcher" daemon [_thread_blocked, id=2264, stack(0x0000000009c30000,0x0000000009d30000)]
  0x0000000008be1800 JavaThread "Framework Event Dispatcher" daemon [_thread_blocked, id=2396, stack(0x0000000009d30000,0x0000000009e30000)]
  0x0000000008b90800 JavaThread "State Data Manager" daemon [_thread_blocked, id=1112, stack(0x0000000009b30000,0x0000000009c30000)]
  0x0000000008aff800 JavaThread "Framework Active Thread" [_thread_blocked, id=2508, stack(0x0000000009a30000,0x0000000009b30000)]
  0x00000000074f0800 JavaThread "Service Thread" daemon [_thread_blocked, id=2252, stack(0x0000000008650000,0x0000000008750000)]
  0x00000000074ee000 JavaThread "C2 CompilerThread1" daemon [_thread_blocked, id=5872, stack(0x0000000008550000,0x0000000008650000)]
  0x00000000074e5800 JavaThread "C2 CompilerThread0" daemon [_thread_blocked, id=6040, stack(0x0000000008450000,0x0000000008550000)]
  0x00000000074e3800 JavaThread "Attach Listener" daemon [_thread_blocked, id=4992, stack(0x0000000008350000,0x0000000008450000)]
  0x00000000074e0000 JavaThread "Signal Dispatcher" daemon [_thread_blocked, id=3116, stack(0x0000000008250000,0x0000000008350000)]
  0x00000000074a8800 JavaThread "Finalizer" daemon [_thread_blocked, id=6076, stack(0x0000000008150000,0x0000000008250000)]
  0x00000000074a0000 JavaThread "Reference Handler" daemon [_thread_blocked, id=5268, stack(0x0000000008050000,0x0000000008150000)]
=>0x0000000002130800 JavaThread "main" [_thread_in_native, id=5356, stack(0x0000000002030000,0x0000000002130000)]

Other Threads:
  0x000000000749c000 VMThread [stack: 0x0000000007f50000,0x0000000008050000] [id=5960]
  0x00000000074fd000 WatcherThread [stack: 0x0000000008750000,0x0000000008850000] [id=5796]

VM state:not at safepoint (normal execution)

VM Mutex/Monitor currently owned by a thread: None

Heap
 PSYoungGen      total 56320K, used 19743K [0x00000000f0280000, 0x00000000f5d80000, 0x0000000100000000)
  eden space 49152K, 38% used [0x00000000f0280000,0x00000000f1520d70,0x00000000f3280000)
  from space 7168K, 9% used [0x00000000f3280000,0x00000000f33270c8,0x00000000f3980000)
  to   space 7168K, 0% used [0x00000000f5680000,0x00000000f5680000,0x00000000f5d80000)
 ParOldGen       total 32256K, used 26551K [0x00000000d0800000, 0x00000000d2780000, 0x00000000f0280000)
  object space 32256K, 82% used [0x00000000d0800000,0x00000000d21edce0,0x00000000d2780000)
 PSPermGen       total 27648K, used 27398K [0x00000000cb600000, 0x00000000cd100000, 0x00000000d0800000)
  object space 27648K, 99% used [0x00000000cb600000,0x00000000cd0c18e8,0x00000000cd100000)

Card table byte_map: [0x00000000052f0000,0x00000000054a0000] byte_map_base: 0x0000000004c95000

Polling page: 0x0000000001f40000

Code Cache  [0x0000000002230000, 0x00000000024a0000, 0x0000000005230000)
 total_blobs=1051 nmethods=450 adapters=554 free_code_cache=47393Kb largest_free_block=48495424

Compilation events (10 events):
Event: 36.735 Thread 0x00000000074ee000 nmethod 460 0x00000000023ecb90 code [0x00000000023ece80, 0x00000000023eda60]
Event: 36.735 Thread 0x00000000074ee000  462             org.eclipse.swt.internal.ole.win32.COMObject::callback3 (56 bytes)
Event: 36.739 Thread 0x00000000074e5800 nmethod 461 0x00000000023dfa50 code [0x00000000023dfca0, 0x00000000023e0428]
Event: 36.739 Thread 0x00000000074e5800  463             org.eclipse.swt.ole.win32.OleClientSite$3::method0 (15 bytes)
Event: 36.740 Thread 0x00000000074e5800 nmethod 463 0x00000000023df6d0 code [0x00000000023df820, 0x00000000023df908]
Event: 36.740 Thread 0x00000000074e5800  464             org.eclipse.swt.browser.WebSite$3::method3 (18 bytes)
Event: 36.741 Thread 0x00000000074ee000 nmethod 462 0x00000000023eea10 code [0x00000000023eec00, 0x00000000023ef2c0]
Event: 36.742 Thread 0x00000000074ee000  465             org.eclipse.swt.browser.WebSite::QueryService (126 bytes)
Event: 36.744 Thread 0x00000000074e5800 nmethod 464 0x00000000023e3b90 code [0x00000000023e3d40, 0x00000000023e41d0]
Event: 36.744 Thread 0x00000000074ee000 nmethod 465 0x00000000023efb50 code [0x00000000023efd00, 0x00000000023f00f0]

GC Heap History (10 events):
Event: 21.094 GC heap before
{Heap before GC invocations=11 (full 0):
 PSYoungGen      total 27136K, used 19120K [0x00000000f0280000, 0x00000000f2500000, 0x0000000100000000)
  eden space 18944K, 100% used [0x00000000f0280000,0x00000000f1500000,0x00000000f1500000)
  from space 8192K, 2% used [0x00000000f1d00000,0x00000000f1d2c010,0x00000000f2500000)
  to   space 8192K, 0% used [0x00000000f1500000,0x00000000f1500000,0x00000000f1d00000)
 ParOldGen       total 32256K, used 18855K [0x00000000d0800000, 0x00000000d2780000, 0x00000000f0280000)
  object space 32256K, 58% used [0x00000000d0800000,0x00000000d1a69f20,0x00000000d2780000)
 PSPermGen       total 25088K, used 24932K [0x00000000cb600000, 0x00000000cce80000, 0x00000000d0800000)
  object space 25088K, 99% used [0x00000000cb600000,0x00000000cce592f0,0x00000000cce80000)
Event: 21.099 GC heap after
Heap after GC invocations=11 (full 0):
 PSYoungGen      total 27136K, used 1509K [0x00000000f0280000, 0x00000000f3080000, 0x0000000100000000)
  eden space 18944K, 0% used [0x00000000f0280000,0x00000000f0280000,0x00000000f1500000)
  from space 8192K, 18% used [0x00000000f1500000,0x00000000f1679640,0x00000000f1d00000)
  to   space 8192K, 0% used [0x00000000f2880000,0x00000000f2880000,0x00000000f3080000)
 ParOldGen       total 32256K, used 19015K [0x00000000d0800000, 0x00000000d2780000, 0x00000000f0280000)
  object space 32256K, 58% used [0x00000000d0800000,0x00000000d1a91f20,0x00000000d2780000)
 PSPermGen       total 25088K, used 24932K [0x00000000cb600000, 0x00000000cce80000, 0x00000000d0800000)
  object space 25088K, 99% used [0x00000000cb600000,0x00000000cce592f0,0x00000000cce80000)
}
Event: 21.318 GC heap before
{Heap before GC invocations=12 (full 0):
 PSYoungGen      total 27136K, used 20442K [0x00000000f0280000, 0x00000000f3080000, 0x0000000100000000)
  eden space 18944K, 99% used [0x00000000f0280000,0x00000000f14fd310,0x00000000f1500000)
  from space 8192K, 18% used [0x00000000f1500000,0x00000000f1679640,0x00000000f1d00000)
  to   space 8192K, 0% used [0x00000000f2880000,0x00000000f2880000,0x00000000f3080000)
 ParOldGen       total 32256K, used 19015K [0x00000000d0800000, 0x00000000d2780000, 0x00000000f0280000)
  object space 32256K, 58% used [0x00000000d0800000,0x00000000d1a91f20,0x00000000d2780000)
 PSPermGen       total 25088K, used 24990K [0x00000000cb600000, 0x00000000cce80000, 0x00000000d0800000)
  object space 25088K, 99% used [0x00000000cb600000,0x00000000cce67a00,0x00000000cce80000)
Event: 21.325 GC heap after
Heap after GC invocations=12 (full 0):
 PSYoungGen      total 38912K, used 2160K [0x00000000f0280000, 0x00000000f3080000, 0x0000000100000000)
  eden space 30720K, 0% used [0x00000000f0280000,0x00000000f0280000,0x00000000f2080000)
  from space 8192K, 26% used [0x00000000f2880000,0x00000000f2a9c010,0x00000000f3080000)
  to   space 8192K, 0% used [0x00000000f2080000,0x00000000f2080000,0x00000000f2880000)
 ParOldGen       total 32256K, used 20374K [0x00000000d0800000, 0x00000000d2780000, 0x00000000f0280000)
  object space 32256K, 63% used [0x00000000d0800000,0x00000000d1be58f0,0x00000000d2780000)
 PSPermGen       total 25088K, used 24990K [0x00000000cb600000, 0x00000000cce80000, 0x00000000d0800000)
  object space 25088K, 99% used [0x00000000cb600000,0x00000000cce67a00,0x00000000cce80000)
}
Event: 21.600 GC heap before
{Heap before GC invocations=13 (full 0):
 PSYoungGen      total 38912K, used 32880K [0x00000000f0280000, 0x00000000f3080000, 0x0000000100000000)
  eden space 30720K, 100% used [0x00000000f0280000,0x00000000f2080000,0x00000000f2080000)
  from space 8192K, 26% used [0x00000000f2880000,0x00000000f2a9c010,0x00000000f3080000)
  to   space 8192K, 0% used [0x00000000f2080000,0x00000000f2080000,0x00000000f2880000)
 ParOldGen       total 32256K, used 20374K [0x00000000d0800000, 0x00000000d2780000, 0x00000000f0280000)
  object space 32256K, 63% used [0x00000000d0800000,0x00000000d1be58f0,0x00000000d2780000)
 PSPermGen       total 25088K, used 25045K [0x00000000cb600000, 0x00000000cce80000, 0x00000000d0800000)
  object space 25088K, 99% used [0x00000000cb600000,0x00000000cce756b8,0x00000000cce80000)
Event: 21.615 GC heap after
Heap after GC invocations=13 (full 0):
 PSYoungGen      total 38912K, used 2256K [0x00000000f0280000, 0x00000000f4180000, 0x0000000100000000)
  eden space 30720K, 0% used [0x00000000f0280000,0x00000000f0280000,0x00000000f2080000)
  from space 8192K, 27% used [0x00000000f2080000,0x00000000f22b43d8,0x00000000f2880000)
  to   space 7680K, 0% used [0x00000000f3a00000,0x00000000f3a00000,0x00000000f4180000)
 ParOldGen       total 32256K, used 22414K [0x00000000d0800000, 0x00000000d2780000, 0x00000000f0280000)
  object space 32256K, 69% used [0x00000000d0800000,0x00000000d1de3910,0x00000000d2780000)
 PSPermGen       total 25088K, used 25045K [0x00000000cb600000, 0x00000000cce80000, 0x00000000d0800000)
  object space 25088K, 99% used [0x00000000cb600000,0x00000000cce756b8,0x00000000cce80000)
}
Event: 21.917 GC heap before
{Heap before GC invocations=14 (full 0):
 PSYoungGen      total 38912K, used 32976K [0x00000000f0280000, 0x00000000f4180000, 0x0000000100000000)
  eden space 30720K, 100% used [0x00000000f0280000,0x00000000f2080000,0x00000000f2080000)
  from space 8192K, 27% used [0x00000000f2080000,0x00000000f22b43d8,0x00000000f2880000)
  to   space 7680K, 0% used [0x00000000f3a00000,0x00000000f3a00000,0x00000000f4180000)
 ParOldGen       total 32256K, used 22414K [0x00000000d0800000, 0x00000000d2780000, 0x00000000f0280000)
  object space 32256K, 69% used [0x00000000d0800000,0x00000000d1de3910,0x00000000d2780000)
 PSPermGen       total 26112K, used 25999K [0x00000000cb600000, 0x00000000ccf80000, 0x00000000d0800000)
  object space 26112K, 99% used [0x00000000cb600000,0x00000000ccf63c80,0x00000000ccf80000)
Event: 21.928 GC heap after
Heap after GC invocations=14 (full 0):
 PSYoungGen      total 55808K, used 2240K [0x00000000f0280000, 0x00000000f4080000, 0x0000000100000000)
  eden space 49152K, 0% used [0x00000000f0280000,0x00000000f0280000,0x00000000f3280000)
  from space 6656K, 33% used [0x00000000f3a00000,0x00000000f3c30000,0x00000000f4080000)
  to   space 7168K, 0% used [0x00000000f3280000,0x00000000f3280000,0x00000000f3980000)
 ParOldGen       total 32256K, used 24511K [0x00000000d0800000, 0x00000000d2780000, 0x00000000f0280000)
  object space 32256K, 75% used [0x00000000d0800000,0x00000000d1fefce8,0x00000000d2780000)
 PSPermGen       total 26112K, used 25999K [0x00000000cb600000, 0x00000000ccf80000, 0x00000000d0800000)
  object space 26112K, 99% used [0x00000000cb600000,0x00000000ccf63c80,0x00000000ccf80000)
}
Event: 22.194 GC heap before
{Heap before GC invocations=15 (full 0):
 PSYoungGen      total 55808K, used 51392K [0x00000000f0280000, 0x00000000f4080000, 0x0000000100000000)
  eden space 49152K, 100% used [0x00000000f0280000,0x00000000f3280000,0x00000000f3280000)
  from space 6656K, 33% used [0x00000000f3a00000,0x00000000f3c30000,0x00000000f4080000)
  to   space 7168K, 0% used [0x00000000f3280000,0x00000000f3280000,0x00000000f3980000)
 ParOldGen       total 32256K, used 24511K [0x00000000d0800000, 0x00000000d2780000, 0x00000000f0280000)
  object space 32256K, 75% used [0x00000000d0800000,0x00000000d1fefce8,0x00000000d2780000)
 PSPermGen       total 26624K, used 26188K [0x00000000cb600000, 0x00000000cd000000, 0x00000000d0800000)
  object space 26624K, 98% used [0x00000000cb600000,0x00000000ccf93028,0x00000000cd000000)
Event: 22.200 GC heap after
Heap after GC invocations=15 (full 0):
 PSYoungGen      total 56320K, used 668K [0x00000000f0280000, 0x00000000f5d80000, 0x0000000100000000)
  eden space 49152K, 0% used [0x00000000f0280000,0x00000000f0280000,0x00000000f3280000)
  from space 7168K, 9% used [0x00000000f3280000,0x00000000f33270c8,0x00000000f3980000)
  to   space 7168K, 0% used [0x00000000f5680000,0x00000000f5680000,0x00000000f5d80000)
 ParOldGen       total 32256K, used 26551K [0x00000000d0800000, 0x00000000d2780000, 0x00000000f0280000)
  object space 32256K, 82% used [0x00000000d0800000,0x00000000d21edce0,0x00000000d2780000)
 PSPermGen       total 26624K, used 26188K [0x00000000cb600000, 0x00000000cd000000, 0x00000000d0800000)
  object space 26624K, 98% used [0x00000000cb600000,0x00000000ccf93028,0x00000000cd000000)
}

Deoptimization events (10 events):
Event: 22.380 Thread 0x0000000002130800 Uncommon trap: reason=class_check action=maybe_recompile pc=0x0000000002328bec method=org.eclipse.core.runtime.internal.adaptor.ContextFinder.basicFindClassLoaders()Ljava/util/List; @ 91
Event: 22.389 Thread 0x0000000002130800 Uncommon trap: reason=class_check action=maybe_recompile pc=0x0000000002328bec method=org.eclipse.core.runtime.internal.adaptor.ContextFinder.basicFindClassLoaders()Ljava/util/List; @ 91
Event: 22.389 Thread 0x0000000002130800 Uncommon trap: reason=class_check action=maybe_recompile pc=0x0000000002328bec method=org.eclipse.core.runtime.internal.adaptor.ContextFinder.basicFindClassLoaders()Ljava/util/List; @ 91
Event: 22.401 Thread 0x0000000002130800 Uncommon trap: reason=unreached action=reinterpret pc=0x0000000002379714 method=com.sun.org.apache.xerces.internal.impl.XMLNSDocumentScannerImpl.scanStartElement()Z @ 520
Event: 22.564 Thread 0x0000000002130800 Uncommon trap: reason=class_check action=maybe_recompile pc=0x0000000002328bec method=org.eclipse.core.runtime.internal.adaptor.ContextFinder.basicFindClassLoaders()Ljava/util/List; @ 91
Event: 36.840 Thread 0x0000000002130800 Uncommon trap: reason=class_check action=maybe_recompile pc=0x00000000023dea00 method=org.eclipse.swt.internal.ole.win32.COMObject.callback2([J)J @ 47
Event: 36.840 Thread 0x0000000002130800 Uncommon trap: reason=class_check action=maybe_recompile pc=0x00000000023ea3ac method=org.eclipse.swt.internal.ole.win32.COMObject.callback0([J)J @ 47
Event: 36.840 Thread 0x0000000002130800 Uncommon trap: reason=class_check action=maybe_recompile pc=0x00000000023dea00 method=org.eclipse.swt.internal.ole.win32.COMObject.callback2([J)J @ 47
Event: 36.840 Thread 0x0000000002130800 Uncommon trap: reason=class_check action=maybe_recompile pc=0x00000000023dea00 method=org.eclipse.swt.internal.ole.win32.COMObject.callback2([J)J @ 47
Event: 36.841 Thread 0x0000000002130800 Uncommon trap: reason=class_check action=maybe_recompile pc=0x00000000023dea00 method=org.eclipse.swt.internal.ole.win32.COMObject.callback2([J)J @ 47

Internal exceptions (10 events):
Event: 22.322 Thread 0x0000000002130800 Threw 0x00000000f07e2430 at C:\re\jdk7u67\1368\hotspot\src\share\vm\prims\jni.cpp:717
Event: 22.329 Thread 0x0000000002130800 Implicit null exception at 0x0000000002330a7c to 0x0000000002330bb9
Event: 22.679 Thread 0x0000000002130800 Threw 0x00000000f0a59d78 at C:\re\jdk7u67\1368\hotspot\src\share\vm\prims\jvm.cpp:1244
Event: 22.679 Thread 0x0000000002130800 Threw 0x00000000f0a5a2b0 at C:\re\jdk7u67\1368\hotspot\src\share\vm\classfile\systemDictionary.cpp:185
Event: 22.679 Thread 0x0000000002130800 Threw 0x00000000f0a5aa20 at C:\re\jdk7u67\1368\hotspot\src\share\vm\prims\jvm.cpp:1244
Event: 22.680 Thread 0x0000000002130800 Threw 0x00000000f0a5b090 at C:\re\jdk7u67\1368\hotspot\src\share\vm\prims\jvm.cpp:1244
Event: 22.754 Thread 0x0000000002130800 Threw 0x00000000f0a74970 at C:\re\jdk7u67\1368\hotspot\src\share\vm\prims\jvm.cpp:1244
Event: 22.755 Thread 0x0000000002130800 Threw 0x00000000f0a74e98 at C:\re\jdk7u67\1368\hotspot\src\share\vm\classfile\systemDictionary.cpp:185
Event: 22.755 Thread 0x0000000002130800 Threw 0x00000000f0a755d8 at C:\re\jdk7u67\1368\hotspot\src\share\vm\prims\jvm.cpp:1244
Event: 22.755 Thread 0x0000000002130800 Threw 0x00000000f0a75c28 at C:\re\jdk7u67\1368\hotspot\src\share\vm\prims\jvm.cpp:1244

Events (10 events):
Event: 36.840 Thread 0x0000000002130800 DEOPT UNPACKING pc=0x0000000002269064 sp=0x000000000212bbb8 mode 2
Event: 36.840 Thread 0x0000000002130800 Uncommon trap: trap_request=0xffffffde fr.pc=0x00000000023dea00
Event: 36.840 Thread 0x0000000002130800 DEOPT PACKING pc=0x00000000023dea00 sp=0x000000000212bc00
Event: 36.840 Thread 0x0000000002130800 DEOPT UNPACKING pc=0x0000000002269064 sp=0x000000000212bbb8 mode 2
Event: 36.840 Thread 0x0000000002130800 Uncommon trap: trap_request=0xffffffde fr.pc=0x00000000023dea00
Event: 36.840 Thread 0x0000000002130800 DEOPT PACKING pc=0x00000000023dea00 sp=0x000000000212bc00
Event: 36.840 Thread 0x0000000002130800 DEOPT UNPACKING pc=0x0000000002269064 sp=0x000000000212bbb8 mode 2
Event: 36.841 Thread 0x0000000002130800 Uncommon trap: trap_request=0xffffffde fr.pc=0x00000000023dea00
Event: 36.841 Thread 0x0000000002130800 DEOPT PACKING pc=0x00000000023dea00 sp=0x000000000212c730
Event: 36.841 Thread 0x0000000002130800 DEOPT UNPACKING pc=0x0000000002269064 sp=0x000000000212c6e8 mode 2


Dynamic libraries:
0x00007ff7f7d30000 - 0x00007ff7f7d63000 	C:\Windows\system32\javaw.exe
0x00007ff9a4920000 - 0x00007ff9a4ac6000 	C:\Windows\SYSTEM32\ntdll.dll
0x00007ff9a23a0000 - 0x00007ff9a24da000 	C:\Windows\system32\KERNEL32.DLL
0x00007ff9a1bc0000 - 0x00007ff9a1ccf000 	C:\Windows\system32\KERNELBASE.dll
0x00007ff99fff0000 - 0x00007ff9a0078000 	C:\Windows\system32\apphelp.dll
0x00007ff99b370000 - 0x00007ff99b3bf000 	C:\Windows\AppPatch\AppPatch64\AcGenral.DLL
0x00007ff9a21b0000 - 0x00007ff9a2257000 	C:\Windows\system32\msvcrt.dll
0x00007ff9a18d0000 - 0x00007ff9a18fb000 	C:\Windows\system32\SspiCli.dll
0x00007ff9a2560000 - 0x00007ff9a25b1000 	C:\Windows\system32\SHLWAPI.dll
0x00007ff9a2f90000 - 0x00007ff9a3101000 	C:\Windows\system32\USER32.dll
0x00007ff9a4520000 - 0x00007ff9a4698000 	C:\Windows\system32\ole32.dll
0x00007ff9a3110000 - 0x00007ff9a451f000 	C:\Windows\system32\SHELL32.dll
0x00007ff9a1100000 - 0x00007ff9a111e000 	C:\Windows\system32\USERENV.dll
0x00007ff9a2c60000 - 0x00007ff9a2d05000 	C:\Windows\system32\ADVAPI32.dll
0x00007ff996bc0000 - 0x00007ff996bdb000 	C:\Windows\system32\MPR.dll
0x00007ff9a2260000 - 0x00007ff9a2397000 	C:\Windows\system32\RPCRT4.dll
0x00007ff9a2b50000 - 0x00007ff9a2ba7000 	C:\Windows\SYSTEM32\sechost.dll
0x00007ff9a25c0000 - 0x00007ff9a2796000 	C:\Windows\SYSTEM32\combase.dll
0x00007ff9a27a0000 - 0x00007ff9a28e4000 	C:\Windows\system32\GDI32.dll
0x00007ff9a1af0000 - 0x00007ff9a1b04000 	C:\Windows\system32\profapi.dll
0x00007ff9a0480000 - 0x00007ff9a051f000 	C:\Windows\system32\SHCORE.dll
0x00007ff9a2d10000 - 0x00007ff9a2d44000 	C:\Windows\system32\IMM32.DLL
0x00007ff9a2e10000 - 0x00007ff9a2f49000 	C:\Windows\system32\MSCTF.dll
0x00007ff99f670000 - 0x00007ff99f8ca000 	C:\Windows\WinSxS\amd64_microsoft.windows.common-controls_6595b64144ccf1df_6.0.9600.17031_none_6242a4b3ecbb55a1\COMCTL32.dll
0x000000006c4e0000 - 0x000000006c5b2000 	C:\Program Files\Java\jre7\bin\msvcr100.dll
0x000000006bd00000 - 0x000000006c4d2000 	C:\Program Files\Java\jre7\bin\server\jvm.dll
0x00007ff998b00000 - 0x00007ff998b09000 	C:\Windows\system32\WSOCK32.dll
0x00007ff99f440000 - 0x00007ff99f45f000 	C:\Windows\system32\WINMM.dll
0x00007ff9a2f70000 - 0x00007ff9a2f77000 	C:\Windows\system32\PSAPI.DLL
0x00007ff9a24f0000 - 0x00007ff9a2548000 	C:\Windows\system32\WS2_32.dll
0x00007ff99d860000 - 0x00007ff99d88a000 	C:\Windows\system32\WINMMBASE.dll
0x00007ff9a2550000 - 0x00007ff9a2559000 	C:\Windows\system32\NSI.dll
0x00007ff9a2110000 - 0x00007ff9a215a000 	C:\Windows\SYSTEM32\cfgmgr32.dll
0x00007ff9a09a0000 - 0x00007ff9a09c6000 	C:\Windows\system32\DEVOBJ.dll
0x000000006bcf0000 - 0x000000006bcff000 	C:\Program Files\Java\jre7\bin\verify.dll
0x000000006bcc0000 - 0x000000006bce8000 	C:\Program Files\Java\jre7\bin\java.dll
0x000000006bca0000 - 0x000000006bcb5000 	C:\Program Files\Java\jre7\bin\zip.dll
0x00007ff9a13b0000 - 0x00007ff9a13ce000 	C:\Windows\system32\CRYPTSP.dll
0x00007ff9a0ff0000 - 0x00007ff9a1025000 	C:\Windows\system32\rsaenh.dll
0x00007ff9a1640000 - 0x00007ff9a1666000 	C:\Windows\system32\bcrypt.dll
0x00007ff9a1900000 - 0x00007ff9a1960000 	C:\Windows\system32\bcryptprimitives.dll
0x00007ff9a1a60000 - 0x00007ff9a1a6a000 	C:\Windows\system32\CRYPTBASE.dll
0x000000006bc80000 - 0x000000006bc99000 	C:\Program Files\Java\jre7\bin\net.dll
0x00007ff9a1350000 - 0x00007ff9a13a8000 	C:\Windows\system32\mswsock.dll
0x00007ff99e690000 - 0x00007ff99e6b9000 	C:\Windows\system32\IPHLPAPI.DLL
0x00007ff99e680000 - 0x00007ff99e68a000 	C:\Windows\system32\WINNSI.DLL
0x00007ff99e1a0000 - 0x00007ff99e1b4000 	C:\Windows\system32\dhcpcsvc6.DLL
0x00007ff99e130000 - 0x00007ff99e149000 	C:\Windows\system32\dhcpcsvc.DLL
0x000000006bc60000 - 0x000000006bc71000 	C:\Program Files\Java\jre7\bin\nio.dll
0x0000000072000000 - 0x0000000072012000 	C:\Users\leandro\SPED\Visualizador\plugins\org.eclipse.equinox.launcher.win32.win32.x86_64_1.1.100.v20110321\eclipse_1406.dll
0x00007ff99b8b0000 - 0x00007ff99b8ba000 	C:\Windows\system32\VERSION.dll
0x00007ff9a07f0000 - 0x00007ff9a0911000 	C:\Windows\system32\uxtheme.dll
0x00007ff9a0970000 - 0x00007ff9a097a000 	C:\Windows\SYSTEM32\kernel.appcore.dll
0x00007ff99b860000 - 0x00007ff99b874000 	C:\Windows\system32\napinsp.dll
0x00007ff99b880000 - 0x00007ff99b899000 	C:\Windows\system32\pnrpnsp.dll
0x00007ff99fe90000 - 0x00007ff99fea9000 	C:\Windows\system32\NLAapi.dll
0x00007ff9a1160000 - 0x00007ff9a1203000 	C:\Windows\system32\DNSAPI.dll
0x00007ff99b8a0000 - 0x00007ff99b8ac000 	C:\Windows\System32\winrnr.dll
0x00007ff99cc20000 - 0x00007ff99cc29000 	C:\Windows\System32\rasadhlp.dll
0x00007ff99e530000 - 0x00007ff99e598000 	C:\Windows\System32\fwpuclnt.dll
0x0000000010000000 - 0x00000000100a5000 	C:\Users\leandro\SPED\Visualizador\configuration\org.eclipse.osgi\bundles\43\1\.cp\swt-win32-3730.dll
0x00007ff9a2a90000 - 0x00007ff9a2b47000 	C:\Windows\system32\OLEAUT32.dll
0x00007ff9a4880000 - 0x00007ff9a491e000 	C:\Windows\system32\comdlg32.dll
0x00007ff99e8c0000 - 0x00007ff99e8d4000 	C:\Windows\system32\USP10.dll
0x00007ff99bcc0000 - 0x00007ff99befb000 	C:\Windows\system32\WININET.dll
0x00007ff9a1e80000 - 0x00007ff9a2057000 	C:\Windows\system32\CRYPT32.dll
0x00007ff99bf00000 - 0x00007ff99c1af000 	C:\Windows\system32\iertutil.dll
0x00007ff9a1ba0000 - 0x00007ff9a1bb2000 	C:\Windows\system32\MSASN1.dll
0x00007ff9a0290000 - 0x00007ff9a02b0000 	C:\Windows\system32\dwmapi.dll
0x00007ff99d220000 - 0x00007ff99d38f000 	C:\Windows\system32\propsys.dll
0x00007ff9a2bb0000 - 0x00007ff9a2c54000 	C:\Windows\SYSTEM32\clbcatq.dll
0x0000000009050000 - 0x000000000906e000 	C:\Users\leandro\SPED\Visualizador\configuration\org.eclipse.osgi\bundles\43\1\.cp\swt-gdip-win32-3730.dll
0x00007ff9979a0000 - 0x00007ff997b38000 	C:\Windows\WinSxS\amd64_microsoft.windows.gdiplus_6595b64144ccf1df_1.1.9600.17227_none_932c0e57474f5080\gdiplus.dll
0x00007ff99d6a0000 - 0x00007ff99d833000 	C:\Windows\system32\WindowsCodecs.dll
0x00007ff999410000 - 0x00007ff9996c5000 	C:\Windows\system32\explorerframe.dll
0x00007ff99f5c0000 - 0x00007ff99f661000 	C:\Windows\system32\DUser.dll
0x00007ff9a02d0000 - 0x00007ff9a047a000 	C:\Windows\system32\DUI70.dll
0x00007ff99e000000 - 0x00007ff99e063000 	C:\Windows\system32\oleacc.dll
0x00007ff99ac80000 - 0x00007ff99ac87000 	C:\Windows\system32\msimg32.dll
0x00007ff98fd40000 - 0x00007ff990a3b000 	C:\Windows\System32\ieframe.dll
0x00007ff99c1b0000 - 0x00007ff99c31c000 	C:\Windows\system32\urlmon.dll
0x00007ff9a1960000 - 0x00007ff9a19f7000 	C:\Windows\SYSTEM32\sxs.dll
0x00007ff97f5d0000 - 0x00007ff980c59000 	C:\Windows\System32\mshtml.dll
0x00007ff99f0a0000 - 0x00007ff99f0ab000 	C:\Windows\system32\Secur32.dll
0x00007ff998560000 - 0x00007ff9985a2000 	C:\Windows\system32\msls31.dll
0x00007ff999b90000 - 0x00007ff999ff7000 	C:\Windows\system32\d2d1.dll
0x00007ff99e1e0000 - 0x00007ff99e3c7000 	C:\Windows\system32\DWrite.dll
0x00007ff99f120000 - 0x00007ff99f19f000 	C:\Windows\system32\dxgi.dll
0x00007ff99f1d0000 - 0x00007ff99f3d8000 	C:\Windows\system32\d3d11.dll
0x00007ff9a1a90000 - 0x00007ff9a1ad5000 	C:\Windows\SYSTEM32\powrprof.dll
0x00007ff999960000 - 0x00007ff99999b000 	C:\Windows\system32\MLANG.dll
0x00007ff9a46a0000 - 0x00007ff9a4874000 	C:\Windows\system32\SETUPAPI.dll
0x00007ff982480000 - 0x00007ff982a18000 	C:\Windows\System32\jscript9.dll
0x00007ff9a07e0000 - 0x00007ff9a07e9000 	C:\Windows\system32\DPAPI.DLL
0x00007ff9929a0000 - 0x00007ff992abb000 	C:\Windows\System32\uiautomationcore.dll
0x00007ff996bb0000 - 0x00007ff996bbb000 	C:\Windows\System32\drprov.dll
0x00007ff9a1a00000 - 0x00007ff9a1a57000 	C:\Windows\System32\WINSTA.dll
0x00007ff996b90000 - 0x00007ff996ba5000 	C:\Windows\System32\ntlanman.dll
0x00007ff996b70000 - 0x00007ff996b8e000 	C:\Windows\System32\davclnt.dll
0x00007ff996b60000 - 0x00007ff996b6b000 	C:\Windows\System32\DAVHLPR.dll
0x00007ff9a02b0000 - 0x00007ff9a02c6000 	C:\Windows\System32\wkscli.dll
0x00007ff996ca0000 - 0x00007ff996cb0000 	C:\Windows\system32\cscapi.dll
0x00007ff9a0da0000 - 0x00007ff9a0dac000 	C:\Windows\System32\netutils.dll
0x00007ff994470000 - 0x00007ff994589000 	C:\Windows\System32\Windows.Globalization.dll
0x00007ff99e6e0000 - 0x00007ff99e73e000 	C:\Windows\System32\Bcp47Langs.dll
0x00007ff9996d0000 - 0x00007ff9996fb000 	C:\Windows\SYSTEM32\globinputhost.dll
0x00007ff99f4d0000 - 0x00007ff99f4df000 	C:\Windows\system32\msimtf.dll
0x00007ff990bd0000 - 0x00007ff990c63000 	C:\Windows\System32\StructuredQuery.dll
0x00007ff994980000 - 0x00007ff994c3e000 	C:\Windows\System32\actxprxy.dll
0x00007ff99b400000 - 0x00007ff99b42b000 	C:\Windows\System32\thumbcache.dll
0x00007ff99a760000 - 0x00007ff99a872000 	C:\Windows\system32\SearchFolder.dll
0x00007ff997380000 - 0x00007ff9973ba000 	C:\Windows\system32\RemoteFileBrowse.dll
0x00007ff99e4e0000 - 0x00007ff99e52d000 	C:\Windows\system32\framedynos.dll
0x00007ff99b180000 - 0x00007ff99b31c000 	C:\Windows\system32\NetworkExplorer.dll
0x00007ff993b50000 - 0x00007ff993bc5000 	C:\Windows\System32\dlnashext.dll
0x00007ff99cac0000 - 0x00007ff99cb06000 	C:\Windows\System32\PlayToDevice.dll
0x00007ff99c530000 - 0x00007ff99c54c000 	C:\Windows\System32\DevDispItemProvider.dll
0x00007ff997db0000 - 0x00007ff997e56000 	C:\Windows\System32\PortableDeviceApi.dll
0x00007ff9a2160000 - 0x00007ff9a21ac000 	C:\Windows\system32\WINTRUST.dll
0x00007ff993d70000 - 0x00007ff993da6000 	C:\Windows\System32\EhStorShell.dll
0x00007ff99ca90000 - 0x00007ff99cab5000 	C:\Windows\System32\EhStorAPI.dll
0x00007ff99fe40000 - 0x00007ff99fe51000 	C:\Windows\System32\WTSAPI32.dll
0x00007ff996fa0000 - 0x00007ff997045000 	C:\Windows\System32\cscui.dll
0x00007ff99c410000 - 0x00007ff99c41c000 	C:\Windows\System32\CSCDLL.dll
0x00007ff996ee0000 - 0x00007ff996f92000 	C:\Windows\system32\ntshrui.dll
0x00007ff9a1590000 - 0x00007ff9a15b5000 	C:\Windows\system32\srvcli.dll
0x00007ff9924e0000 - 0x00007ff992505000 	C:\Windows\system32\mssprxy.dll
0x00007ff9a0710000 - 0x00007ff9a0761000 	C:\Windows\System32\cscobj.dll

VM Arguments:
java_command: C:\Users\leandro\SPED\Visualizador\plugins\org.eclipse.equinox.launcher_1.2.0.v20110321-2120.jar -os win32 -ws win32 -arch x86_64 -showsplash -launcher C:\Users\leandro\SPED\Visualizador\visualizador.exe -name Visualizador --launcher.library C:\Users\leandro\SPED\Visualizador\plugins\org.eclipse.equinox.launcher.win32.win32.x86_64_1.1.100.v20110321\eclipse_1406.dll -startup C:\Users\leandro\SPED\Visualizador\plugins\org.eclipse.equinox.launcher_1.2.0.v20110321-2120.jar --launcher.overrideVmargs -exitdata 1448_60 -vm C:\Windows\system32\javaw.exe -vmargs -jar C:\Users\leandro\SPED\Visualizador\plugins\org.eclipse.equinox.launcher_1.2.0.v20110321-2120.jar
Launcher Type: SUN_STANDARD

Environment Variables:
PATH=C:\Program Files (x86)\Common Files\Intel\Shared Files\cpp\bin\Intel64;C:\Windows\system32;C:\Windows;C:\Windows\System32\Wbem;C:\Windows\System32\WindowsPowerShell\v1.0\
USERNAME=leandro
OS=Windows_NT
PROCESSOR_IDENTIFIER=Intel64 Family 6 Model 23 Stepping 10, GenuineIntel



---------------  S Y S T E M  ---------------

OS: Windows 8.1 , 64 bit Build 9600 

CPU:total 2 (2 cores per cpu, 1 threads per core) family 6 model 23 stepping 10, cmov, cx8, fxsr, mmx, sse, sse2, sse3, ssse3, sse4.1, tsc

Memory: 4k page, physical 3106452k(1703124k free), swap 3630740k(1903816k free)

vm_info: Java HotSpot(TM) 64-Bit Server VM (24.65-b04) for windows-amd64 JRE (1.7.0_67-b01), built on Jul 25 2014 08:55:00 by "java_re" with unknown MS VC++:1600

time: Thu Oct 09 11:45:52 2014
elapsed time: 41 seconds

